{"C:\\composer\\cvmaker\\controllers\\createcv.controller.js": {"path":"C:\\composer\\cvmaker\\controllers\\createcv.controller.js","statementMap":{"0":{"start":{"line":3,"column":6},"end":{"line":3,"column":43}},"1":{"start":{"line":4,"column":6},"end":{"line":4,"column":31}},"2":{"start":{"line":8,"column":54},"end":{"line":8,"column":62}},"3":{"start":{"line":10,"column":6},"end":{"line":23,"column":7}},"4":{"start":{"line":11,"column":23},"end":{"line":11,"column":94}},"5":{"start":{"line":12,"column":19},"end":{"line":18,"column":9}},"6":{"start":{"line":20,"column":8},"end":{"line":20,"column":33}},"7":{"start":{"line":22,"column":8},"end":{"line":22,"column":55}},"8":{"start":{"line":27,"column":2},"end":{"line":27,"column":38}}},"fnMap":{"0":{"name":"(anonymous_0)","decl":{"start":{"line":2,"column":4},"end":{"line":2,"column":5}},"loc":{"start":{"line":2,"column":42},"end":{"line":5,"column":5}},"line":2},"1":{"name":"(anonymous_1)","decl":{"start":{"line":7,"column":4},"end":{"line":7,"column":5}},"loc":{"start":{"line":7,"column":29},"end":{"line":24,"column":5}},"line":7}},"branchMap":{},"s":{"0":2,"1":2,"2":2,"3":2,"4":2,"5":1,"6":1,"7":1,"8":1},"f":{"0":2,"1":2},"b":{},"_coverageSchema":"1a1c01bbd47fc00a2c39e90264f33305004495a9","hash":"978eccd74a1e7e3f2a17a2f48bc21c1c827b9130"}
,"C:\\composer\\cvmaker\\controllers\\getcv.controller.js": {"path":"C:\\composer\\cvmaker\\controllers\\getcv.controller.js","statementMap":{"0":{"start":{"line":3,"column":6},"end":{"line":3,"column":27}},"1":{"start":{"line":4,"column":6},"end":{"line":4,"column":31}},"2":{"start":{"line":8,"column":19},"end":{"line":8,"column":32}},"3":{"start":{"line":10,"column":6},"end":{"line":23,"column":7}},"4":{"start":{"line":11,"column":23},"end":{"line":11,"column":53}},"5":{"start":{"line":12,"column":19},"end":{"line":18,"column":9}},"6":{"start":{"line":20,"column":8},"end":{"line":20,"column":33}},"7":{"start":{"line":22,"column":8},"end":{"line":22,"column":55}},"8":{"start":{"line":27,"column":2},"end":{"line":27,"column":35}}},"fnMap":{"0":{"name":"(anonymous_0)","decl":{"start":{"line":2,"column":4},"end":{"line":2,"column":5}},"loc":{"start":{"line":2,"column":33},"end":{"line":5,"column":5}},"line":2},"1":{"name":"(anonymous_1)","decl":{"start":{"line":7,"column":4},"end":{"line":7,"column":5}},"loc":{"start":{"line":7,"column":26},"end":{"line":24,"column":5}},"line":7}},"branchMap":{},"s":{"0":2,"1":2,"2":2,"3":2,"4":2,"5":1,"6":1,"7":1,"8":1},"f":{"0":2,"1":2},"b":{},"_coverageSchema":"1a1c01bbd47fc00a2c39e90264f33305004495a9","hash":"d1b5fea5ff9a68ed3834774ed79bbe55f9d2c8ad"}
,"C:\\composer\\cvmaker\\dbadapters\\getandcreatecvadabterI.js": {"path":"C:\\composer\\cvmaker\\dbadapters\\getandcreatecvadabterI.js","statementMap":{"0":{"start":{"line":8,"column":0},"end":{"line":10,"column":2}},"1":{"start":{"line":9,"column":2},"end":{"line":9,"column":44}},"2":{"start":{"line":13,"column":0},"end":{"line":15,"column":2}},"3":{"start":{"line":14,"column":2},"end":{"line":14,"column":44}},"4":{"start":{"line":17,"column":0},"end":{"line":17,"column":27}}},"fnMap":{"0":{"name":"DBAdapter","decl":{"start":{"line":5,"column":9},"end":{"line":5,"column":18}},"loc":{"start":{"line":5,"column":21},"end":{"line":5,"column":23}},"line":5},"1":{"name":"(anonymous_1)","decl":{"start":{"line":8,"column":32},"end":{"line":8,"column":33}},"loc":{"start":{"line":8,"column":46},"end":{"line":10,"column":1}},"line":8},"2":{"name":"(anonymous_2)","decl":{"start":{"line":13,"column":29},"end":{"line":13,"column":30}},"loc":{"start":{"line":13,"column":47},"end":{"line":15,"column":1}},"line":13}},"branchMap":{},"s":{"0":1,"1":0,"2":1,"3":0,"4":1},"f":{"0":6,"1":0,"2":0},"b":{},"_coverageSchema":"1a1c01bbd47fc00a2c39e90264f33305004495a9","hash":"ba1c185be062bdb68e6dcbdc81565a40b48e601a"}
,"C:\\composer\\cvmaker\\dbadapters\\sequilzeadanter.js": {"path":"C:\\composer\\cvmaker\\dbadapters\\sequilzeadanter.js","statementMap":{"0":{"start":{"line":2,"column":11},"end":{"line":2,"column":31}},"1":{"start":{"line":4,"column":18},"end":{"line":4,"column":53}},"2":{"start":{"line":7,"column":4},"end":{"line":7,"column":12}},"3":{"start":{"line":8,"column":4},"end":{"line":8,"column":25}},"4":{"start":{"line":11,"column":4},"end":{"line":19,"column":5}},"5":{"start":{"line":12,"column":17},"end":{"line":12,"column":63}},"6":{"start":{"line":13,"column":6},"end":{"line":15,"column":7}},"7":{"start":{"line":14,"column":8},"end":{"line":14,"column":40}},"8":{"start":{"line":16,"column":6},"end":{"line":16,"column":23}},"9":{"start":{"line":18,"column":6},"end":{"line":18,"column":73}},"10":{"start":{"line":23,"column":4},"end":{"line":28,"column":5}},"11":{"start":{"line":24,"column":24},"end":{"line":24,"column":57}},"12":{"start":{"line":25,"column":6},"end":{"line":25,"column":51}},"13":{"start":{"line":27,"column":6},"end":{"line":27,"column":66}},"14":{"start":{"line":32,"column":0},"end":{"line":32,"column":34}}},"fnMap":{"0":{"name":"(anonymous_0)","decl":{"start":{"line":6,"column":2},"end":{"line":6,"column":3}},"loc":{"start":{"line":6,"column":16},"end":{"line":9,"column":3}},"line":6},"1":{"name":"(anonymous_1)","decl":{"start":{"line":10,"column":2},"end":{"line":10,"column":3}},"loc":{"start":{"line":10,"column":22},"end":{"line":20,"column":3}},"line":10},"2":{"name":"(anonymous_2)","decl":{"start":{"line":22,"column":2},"end":{"line":22,"column":3}},"loc":{"start":{"line":22,"column":23},"end":{"line":29,"column":3}},"line":22}},"branchMap":{"0":{"loc":{"start":{"line":13,"column":6},"end":{"line":15,"column":7}},"type":"if","locations":[{"start":{"line":13,"column":6},"end":{"line":15,"column":7}},{"start":{},"end":{}}],"line":13}},"s":{"0":1,"1":1,"2":6,"3":6,"4":3,"5":3,"6":3,"7":2,"8":1,"9":2,"10":2,"11":2,"12":1,"13":1,"14":1},"f":{"0":6,"1":3,"2":2},"b":{"0":[2,1]},"_coverageSchema":"1a1c01bbd47fc00a2c39e90264f33305004495a9","hash":"e0d299d6f35e51f024fe607ed0b22b09e50e2144"}
,"C:\\composer\\cvmaker\\entities\\Cv.js": {"path":"C:\\composer\\cvmaker\\entities\\Cv.js","statementMap":{"0":{"start":{"line":5,"column":4},"end":{"line":5,"column":18}},"1":{"start":{"line":6,"column":4},"end":{"line":6,"column":22}},"2":{"start":{"line":7,"column":4},"end":{"line":7,"column":26}},"3":{"start":{"line":8,"column":4},"end":{"line":8,"column":32}},"4":{"start":{"line":9,"column":4},"end":{"line":9,"column":34}},"5":{"start":{"line":13,"column":4},"end":{"line":13,"column":20}},"6":{"start":{"line":17,"column":4},"end":{"line":17,"column":18}},"7":{"start":{"line":21,"column":4},"end":{"line":21,"column":22}},"8":{"start":{"line":25,"column":4},"end":{"line":25,"column":22}},"9":{"start":{"line":29,"column":4},"end":{"line":29,"column":24}},"10":{"start":{"line":33,"column":4},"end":{"line":33,"column":26}},"11":{"start":{"line":37,"column":4},"end":{"line":37,"column":27}},"12":{"start":{"line":41,"column":4},"end":{"line":41,"column":32}},"13":{"start":{"line":45,"column":4},"end":{"line":45,"column":28}},"14":{"start":{"line":49,"column":4},"end":{"line":49,"column":34}},"15":{"start":{"line":53,"column":0},"end":{"line":53,"column":20}}},"fnMap":{"0":{"name":"(anonymous_0)","decl":{"start":{"line":4,"column":2},"end":{"line":4,"column":3}},"loc":{"start":{"line":4,"column":55},"end":{"line":10,"column":3}},"line":4},"1":{"name":"(anonymous_1)","decl":{"start":{"line":12,"column":2},"end":{"line":12,"column":3}},"loc":{"start":{"line":12,"column":11},"end":{"line":14,"column":3}},"line":12},"2":{"name":"(anonymous_2)","decl":{"start":{"line":16,"column":2},"end":{"line":16,"column":3}},"loc":{"start":{"line":16,"column":13},"end":{"line":18,"column":3}},"line":16},"3":{"name":"(anonymous_3)","decl":{"start":{"line":20,"column":2},"end":{"line":20,"column":3}},"loc":{"start":{"line":20,"column":13},"end":{"line":22,"column":3}},"line":20},"4":{"name":"(anonymous_4)","decl":{"start":{"line":24,"column":2},"end":{"line":24,"column":3}},"loc":{"start":{"line":24,"column":17},"end":{"line":26,"column":3}},"line":24},"5":{"name":"(anonymous_5)","decl":{"start":{"line":28,"column":2},"end":{"line":28,"column":3}},"loc":{"start":{"line":28,"column":15},"end":{"line":30,"column":3}},"line":28},"6":{"name":"(anonymous_6)","decl":{"start":{"line":32,"column":2},"end":{"line":32,"column":3}},"loc":{"start":{"line":32,"column":21},"end":{"line":34,"column":3}},"line":32},"7":{"name":"(anonymous_7)","decl":{"start":{"line":36,"column":2},"end":{"line":36,"column":3}},"loc":{"start":{"line":36,"column":18},"end":{"line":38,"column":3}},"line":36},"8":{"name":"(anonymous_8)","decl":{"start":{"line":40,"column":2},"end":{"line":40,"column":3}},"loc":{"start":{"line":40,"column":27},"end":{"line":42,"column":3}},"line":40},"9":{"name":"(anonymous_9)","decl":{"start":{"line":44,"column":2},"end":{"line":44,"column":3}},"loc":{"start":{"line":44,"column":19},"end":{"line":46,"column":3}},"line":44},"10":{"name":"(anonymous_10)","decl":{"start":{"line":48,"column":2},"end":{"line":48,"column":3}},"loc":{"start":{"line":48,"column":29},"end":{"line":50,"column":3}},"line":48}},"branchMap":{},"s":{"0":4,"1":4,"2":4,"3":4,"4":4,"5":4,"6":1,"7":4,"8":1,"9":3,"10":0,"11":4,"12":1,"13":4,"14":1,"15":3},"f":{"0":4,"1":4,"2":1,"3":4,"4":1,"5":3,"6":0,"7":4,"8":1,"9":4,"10":1},"b":{},"_coverageSchema":"1a1c01bbd47fc00a2c39e90264f33305004495a9","hash":"17c7e6d2e14d77ecb2b8b134f25ae2dd56465335"}
,"C:\\composer\\cvmaker\\models\\CVmodel.js": {"path":"C:\\composer\\cvmaker\\models\\CVmodel.js","statementMap":{"0":{"start":{"line":2,"column":18},"end":{"line":2,"column":38}},"1":{"start":{"line":4,"column":0},"end":{"line":31,"column":2}},"2":{"start":{"line":5,"column":18},"end":{"line":28,"column":4}},"3":{"start":{"line":30,"column":2},"end":{"line":30,"column":17}}},"fnMap":{"0":{"name":"(anonymous_0)","decl":{"start":{"line":4,"column":17},"end":{"line":4,"column":18}},"loc":{"start":{"line":4,"column":49},"end":{"line":31,"column":1}},"line":4}},"branchMap":{},"s":{"0":1,"1":1,"2":1,"3":1},"f":{"0":1},"b":{},"_coverageSchema":"1a1c01bbd47fc00a2c39e90264f33305004495a9","hash":"5a1833b77042f42d76cb30da2d352fb60707741e"}
,"C:\\composer\\cvmaker\\models\\index.js": {"path":"C:\\composer\\cvmaker\\models\\index.js","statementMap":{"0":{"start":{"line":3,"column":11},"end":{"line":3,"column":24}},"1":{"start":{"line":4,"column":13},"end":{"line":4,"column":28}},"2":{"start":{"line":5,"column":18},"end":{"line":5,"column":38}},"3":{"start":{"line":6,"column":16},"end":{"line":6,"column":34}},"4":{"start":{"line":7,"column":17},"end":{"line":7,"column":42}},"5":{"start":{"line":8,"column":12},"end":{"line":8,"column":49}},"6":{"start":{"line":9,"column":15},"end":{"line":9,"column":65}},"7":{"start":{"line":10,"column":11},"end":{"line":10,"column":13}},"8":{"start":{"line":13,"column":0},"end":{"line":17,"column":1}},"9":{"start":{"line":14,"column":2},"end":{"line":14,"column":74}},"10":{"start":{"line":16,"column":2},"end":{"line":16,"column":87}},"11":{"start":{"line":19,"column":0},"end":{"line":32,"column":5}},"12":{"start":{"line":22,"column":4},"end":{"line":27,"column":6}},"13":{"start":{"line":30,"column":18},"end":{"line":30,"column":85}},"14":{"start":{"line":31,"column":4},"end":{"line":31,"column":27}},"15":{"start":{"line":34,"column":0},"end":{"line":38,"column":3}},"16":{"start":{"line":35,"column":2},"end":{"line":37,"column":3}},"17":{"start":{"line":36,"column":4},"end":{"line":36,"column":32}},"18":{"start":{"line":40,"column":0},"end":{"line":40,"column":25}},"19":{"start":{"line":41,"column":0},"end":{"line":41,"column":25}},"20":{"start":{"line":43,"column":0},"end":{"line":43,"column":20}}},"fnMap":{"0":{"name":"(anonymous_0)","decl":{"start":{"line":21,"column":10},"end":{"line":21,"column":11}},"loc":{"start":{"line":21,"column":18},"end":{"line":28,"column":3}},"line":21},"1":{"name":"(anonymous_1)","decl":{"start":{"line":29,"column":11},"end":{"line":29,"column":12}},"loc":{"start":{"line":29,"column":19},"end":{"line":32,"column":3}},"line":29},"2":{"name":"(anonymous_2)","decl":{"start":{"line":34,"column":24},"end":{"line":34,"column":25}},"loc":{"start":{"line":34,"column":37},"end":{"line":38,"column":1}},"line":34}},"branchMap":{"0":{"loc":{"start":{"line":8,"column":12},"end":{"line":8,"column":49}},"type":"binary-expr","locations":[{"start":{"line":8,"column":12},"end":{"line":8,"column":32}},{"start":{"line":8,"column":36},"end":{"line":8,"column":49}}],"line":8},"1":{"loc":{"start":{"line":13,"column":0},"end":{"line":17,"column":1}},"type":"if","locations":[{"start":{"line":13,"column":0},"end":{"line":17,"column":1}},{"start":{"line":15,"column":7},"end":{"line":17,"column":1}}],"line":13},"2":{"loc":{"start":{"line":23,"column":6},"end":{"line":26,"column":37}},"type":"binary-expr","locations":[{"start":{"line":23,"column":6},"end":{"line":23,"column":29}},{"start":{"line":24,"column":6},"end":{"line":24,"column":23}},{"start":{"line":25,"column":6},"end":{"line":25,"column":30}},{"start":{"line":26,"column":6},"end":{"line":26,"column":37}}],"line":23},"3":{"loc":{"start":{"line":35,"column":2},"end":{"line":37,"column":3}},"type":"if","locations":[{"start":{"line":35,"column":2},"end":{"line":37,"column":3}},{"start":{},"end":{}}],"line":35}},"s":{"0":1,"1":1,"2":1,"3":1,"4":1,"5":1,"6":1,"7":1,"8":1,"9":0,"10":1,"11":1,"12":2,"13":1,"14":1,"15":1,"16":1,"17":0,"18":1,"19":1,"20":1},"f":{"0":2,"1":1,"2":1},"b":{"0":[1,0],"1":[0,1],"2":[2,2,1,1],"3":[0,1]},"_coverageSchema":"1a1c01bbd47fc00a2c39e90264f33305004495a9","hash":"8792d66d3e5ad1804ebec5480b8eb02c73804435"}
,"C:\\composer\\cvmaker\\usecases\\createcv.js": {"path":"C:\\composer\\cvmaker\\usecases\\createcv.js","statementMap":{"0":{"start":{"line":2,"column":11},"end":{"line":2,"column":36}},"1":{"start":{"line":6,"column":4},"end":{"line":6,"column":31}},"2":{"start":{"line":9,"column":4},"end":{"line":16,"column":5}},"3":{"start":{"line":10,"column":21},"end":{"line":10,"column":89}},"4":{"start":{"line":12,"column":6},"end":{"line":12,"column":96}},"5":{"start":{"line":15,"column":6},"end":{"line":15,"column":61}},"6":{"start":{"line":20,"column":0},"end":{"line":20,"column":26}}},"fnMap":{"0":{"name":"(anonymous_0)","decl":{"start":{"line":5,"column":2},"end":{"line":5,"column":3}},"loc":{"start":{"line":5,"column":25},"end":{"line":7,"column":3}},"line":5},"1":{"name":"(anonymous_1)","decl":{"start":{"line":8,"column":2},"end":{"line":8,"column":3}},"loc":{"start":{"line":8,"column":54},"end":{"line":17,"column":3}},"line":8}},"branchMap":{},"s":{"0":1,"1":4,"2":2,"3":2,"4":1,"5":1,"6":1},"f":{"0":4,"1":2},"b":{},"_coverageSchema":"1a1c01bbd47fc00a2c39e90264f33305004495a9","hash":"0008caa10c3e5e2de7dbbf9aa7efb83de3362cf8"}
,"C:\\composer\\cvmaker\\usecases\\getcv.js": {"path":"C:\\composer\\cvmaker\\usecases\\getcv.js","statementMap":{"0":{"start":{"line":2,"column":11},"end":{"line":2,"column":36}},"1":{"start":{"line":6,"column":4},"end":{"line":6,"column":31}},"2":{"start":{"line":10,"column":4},"end":{"line":17,"column":5}},"3":{"start":{"line":11,"column":21},"end":{"line":11,"column":57}},"4":{"start":{"line":13,"column":6},"end":{"line":13,"column":96}},"5":{"start":{"line":16,"column":6},"end":{"line":16,"column":58}},"6":{"start":{"line":20,"column":2},"end":{"line":20,"column":25}}},"fnMap":{"0":{"name":"(anonymous_0)","decl":{"start":{"line":5,"column":2},"end":{"line":5,"column":3}},"loc":{"start":{"line":5,"column":25},"end":{"line":7,"column":3}},"line":5},"1":{"name":"(anonymous_1)","decl":{"start":{"line":9,"column":2},"end":{"line":9,"column":3}},"loc":{"start":{"line":9,"column":20},"end":{"line":18,"column":3}},"line":9}},"branchMap":{},"s":{"0":1,"1":4,"2":2,"3":2,"4":1,"5":1,"6":1},"f":{"0":4,"1":2},"b":{},"_coverageSchema":"1a1c01bbd47fc00a2c39e90264f33305004495a9","hash":"658bd6d499c71d6cfd6433bf8b1627b65d8230c2"}
}
